<?xml version="1.0" encoding="UTF-8"?>
<testng-results skipped="0" failed="0" ignored="0" total="1" passed="1">
  <reporter-output>
  </reporter-output>
  <suite name="Default suite" duration-ms="151957" started-at="2018-01-03T22:01:35Z" finished-at="2018-01-03T22:04:06Z">
    <groups>
    </groups>
    <test name="Default test" duration-ms="151957" started-at="2018-01-03T22:01:35Z" finished-at="2018-01-03T22:04:06Z">
      <class name="com.box.boxandroid.Login">
        <test-method status="PASS" signature="setup()[pri:0, instance:com.box.boxandroid.Login@5419f379]" name="setup" is-config="true" duration-ms="115144" started-at="2018-01-03T14:01:35Z" finished-at="2018-01-03T14:03:30Z">
          <reporter-output>
          </reporter-output>
        </test-method> <!-- setup -->
        <test-method status="PASS" signature="logintest()[pri:0, instance:com.box.boxandroid.Login@5419f379]" name="logintest" duration-ms="32359" started-at="2018-01-03T14:03:30Z" finished-at="2018-01-03T14:04:02Z">
          <reporter-output>
          </reporter-output>
        </test-method> <!-- logintest -->
        <test-method status="PASS" signature="afterClass()[pri:0, instance:com.box.boxandroid.Login@5419f379]" name="afterClass" is-config="true" duration-ms="4435" started-at="2018-01-03T14:04:02Z" finished-at="2018-01-03T14:04:06Z">
          <reporter-output>
          </reporter-output>
        </test-method> <!-- afterClass -->
      </class> <!-- com.box.boxandroid.Login -->
    </test> <!-- Default test -->
  </suite> <!-- Default suite -->
</testng-results>
